{"level":"INFO","message":"[9:37:37.510 PM]: Creating new connection object"}
{"level":"INFO","message":"[9:37:37.523 PM]: Creating Connection[id: fae2a70c-adf5-4d32-a65b-b04e62d3feb4] with host: COZENTUS-DATAPRACTICE.snowflakecomputing.com, account: COZENTUS-DATAPRACTICE, accessUrl: https://COZENTUS-DATAPRACTICE.snowflakecomputing.com, user: HACKATHON_DT, role: undefined, database: HACAKATHON, schema: PUBLIC, warehouse: COMPUTE_WH, proxy was not configured, password is provided, region: undefined, authenticator: SNOWFLAKE, ocsp mode: FAIL_OPEN, os: win32, os version: 10.0.26100"}
{"level":"INFO","message":"[9:37:37.524 PM]: Connection[id: fae2a70c-adf5-4d32-a65b-b04e62d3feb4] additional details: passcode in password is provided, passcode is not provided, private key is not provided, application: undefined, client name: snowflake-sdk, client version: 2.3.3, retry timeout: 300, private key path: undefined, private key pass is not provided, client store temporary credential: false, browser response timeout: 120000"}
{"level":"INFO","message":"[9:37:37.524 PM]: Connection[id: fae2a70c-adf5-4d32-a65b-b04e62d3feb4] - connection object created successfully."}
{"level":"INFO","message":"[9:37:37.525 PM]: Connection[id: fae2a70c-adf5-4d32-a65b-b04e62d3feb4] - connecting. Associated Snowflake domain: GLOBAL"}
{"level":"INFO","message":"[9:37:37.526 PM]: Connection[id: fae2a70c-adf5-4d32-a65b-b04e62d3feb4] - authentication successful using: SNOWFLAKE"}
{"level":"INFO","message":"[9:37:37.527 PM]: Trying to initialize Easy Logging"}
{"level":"INFO","message":"[9:37:37.529 PM]: No client config detected."}
{"level":"INFO","message":"[9:37:37.529 PM]: No config file path found. Client config will not be used."}
{"level":"INFO","message":"[9:37:37.529 PM]: Easy Logging is disabled as no config has been found"}
{"level":"INFO","message":"[9:37:46.518 PM]: Connection[id: fae2a70c-adf5-4d32-a65b-b04e62d3feb4] - connection established successfully after 8992.96 milliseconds"}
{"level":"INFO","message":"[9:38:24.332 PM]: Creating new connection object"}
{"level":"INFO","message":"[9:38:24.345 PM]: Creating Connection[id: 90776b51-957f-4c9c-8283-0516a2cbd942] with host: COZENTUS-DATAPRACTICE.snowflakecomputing.com, account: COZENTUS-DATAPRACTICE, accessUrl: https://COZENTUS-DATAPRACTICE.snowflakecomputing.com, user: HACKATHON_DT, role: undefined, database: HACAKATHON, schema: PUBLIC, warehouse: COMPUTE_WH, proxy was not configured, password is provided, region: undefined, authenticator: SNOWFLAKE, ocsp mode: FAIL_OPEN, os: win32, os version: 10.0.26100"}
{"level":"INFO","message":"[9:38:24.346 PM]: Connection[id: 90776b51-957f-4c9c-8283-0516a2cbd942] additional details: passcode in password is provided, passcode is not provided, private key is not provided, application: undefined, client name: snowflake-sdk, client version: 2.3.3, retry timeout: 300, private key path: undefined, private key pass is not provided, client store temporary credential: false, browser response timeout: 120000"}
{"level":"INFO","message":"[9:38:24.346 PM]: Connection[id: 90776b51-957f-4c9c-8283-0516a2cbd942] - connection object created successfully."}
{"level":"INFO","message":"[9:38:24.347 PM]: Connection[id: 90776b51-957f-4c9c-8283-0516a2cbd942] - connecting. Associated Snowflake domain: GLOBAL"}
{"level":"INFO","message":"[9:38:24.348 PM]: Connection[id: 90776b51-957f-4c9c-8283-0516a2cbd942] - authentication successful using: SNOWFLAKE"}
{"level":"INFO","message":"[9:38:24.349 PM]: Trying to initialize Easy Logging"}
{"level":"INFO","message":"[9:38:24.351 PM]: No client config detected."}
{"level":"INFO","message":"[9:38:24.352 PM]: No config file path found. Client config will not be used."}
{"level":"INFO","message":"[9:38:24.352 PM]: Easy Logging is disabled as no config has been found"}
{"level":"INFO","message":"[9:38:35.191 PM]: Connection[id: 90776b51-957f-4c9c-8283-0516a2cbd942] - connection established successfully after 10844.1 milliseconds"}
{"level":"INFO","message":"[9:42:34.130 PM]: Creating new connection object"}
{"level":"INFO","message":"[9:42:34.144 PM]: Creating Connection[id: 401d4ce0-3e57-4e24-8ee6-7c72182f376e] with host: COZENTUS-DATAPRACTICE.snowflakecomputing.com, account: COZENTUS-DATAPRACTICE, accessUrl: https://COZENTUS-DATAPRACTICE.snowflakecomputing.com, user: HACKATHON_DT, role: undefined, database: HACAKATHON, schema: PUBLIC, warehouse: COMPUTE_WH, proxy was not configured, password is provided, region: undefined, authenticator: SNOWFLAKE, ocsp mode: FAIL_OPEN, os: win32, os version: 10.0.26100"}
{"level":"INFO","message":"[9:42:34.144 PM]: Connection[id: 401d4ce0-3e57-4e24-8ee6-7c72182f376e] additional details: passcode in password is provided, passcode is not provided, private key is not provided, application: undefined, client name: snowflake-sdk, client version: 2.3.3, retry timeout: 300, private key path: undefined, private key pass is not provided, client store temporary credential: false, browser response timeout: 120000"}
{"level":"INFO","message":"[9:42:34.145 PM]: Connection[id: 401d4ce0-3e57-4e24-8ee6-7c72182f376e] - connection object created successfully."}
{"level":"INFO","message":"[9:42:34.145 PM]: Connection[id: 401d4ce0-3e57-4e24-8ee6-7c72182f376e] - connecting. Associated Snowflake domain: GLOBAL"}
{"level":"INFO","message":"[9:42:34.146 PM]: Connection[id: 401d4ce0-3e57-4e24-8ee6-7c72182f376e] - authentication successful using: SNOWFLAKE"}
{"level":"INFO","message":"[9:42:34.147 PM]: Trying to initialize Easy Logging"}
{"level":"INFO","message":"[9:42:34.149 PM]: No client config detected."}
{"level":"INFO","message":"[9:42:34.150 PM]: No config file path found. Client config will not be used."}
{"level":"INFO","message":"[9:42:34.150 PM]: Easy Logging is disabled as no config has been found"}
{"level":"INFO","message":"[9:42:34.502 PM]: Connection[id: 401d4ce0-3e57-4e24-8ee6-7c72182f376e] - connection established successfully after 356.82 milliseconds"}
{"level":"INFO","message":"[9:46:42.046 PM]: Creating new connection object"}
{"level":"INFO","message":"[9:46:42.059 PM]: Creating Connection[id: da3780e1-e2ea-4a10-8f7a-6697be6cf4bd] with host: COZENTUS-DATAPRACTICE.snowflakecomputing.com, account: COZENTUS-DATAPRACTICE, accessUrl: https://COZENTUS-DATAPRACTICE.snowflakecomputing.com, user: HACKATHON_DT, role: undefined, database: HACAKATHON, schema: PUBLIC, warehouse: COMPUTE_WH, proxy was not configured, password is provided, region: undefined, authenticator: SNOWFLAKE, ocsp mode: FAIL_OPEN, os: win32, os version: 10.0.26100"}
{"level":"INFO","message":"[9:46:42.060 PM]: Connection[id: da3780e1-e2ea-4a10-8f7a-6697be6cf4bd] additional details: passcode in password is provided, passcode is not provided, private key is not provided, application: undefined, client name: snowflake-sdk, client version: 2.3.3, retry timeout: 300, private key path: undefined, private key pass is not provided, client store temporary credential: false, browser response timeout: 120000"}
{"level":"INFO","message":"[9:46:42.060 PM]: Connection[id: da3780e1-e2ea-4a10-8f7a-6697be6cf4bd] - connection object created successfully."}
{"level":"INFO","message":"[9:46:42.061 PM]: Connection[id: da3780e1-e2ea-4a10-8f7a-6697be6cf4bd] - connecting. Associated Snowflake domain: GLOBAL"}
{"level":"INFO","message":"[9:46:42.062 PM]: Connection[id: da3780e1-e2ea-4a10-8f7a-6697be6cf4bd] - authentication successful using: SNOWFLAKE"}
{"level":"INFO","message":"[9:46:42.063 PM]: Trying to initialize Easy Logging"}
{"level":"INFO","message":"[9:46:42.065 PM]: No client config detected."}
{"level":"INFO","message":"[9:46:42.066 PM]: No config file path found. Client config will not be used."}
{"level":"INFO","message":"[9:46:42.066 PM]: Easy Logging is disabled as no config has been found"}
{"level":"INFO","message":"[9:46:42.363 PM]: Connection[id: da3780e1-e2ea-4a10-8f7a-6697be6cf4bd] - connection established successfully after 301.67 milliseconds"}
{"level":"INFO","message":"[9:47:24.490 PM]: Creating new connection object"}
{"level":"INFO","message":"[9:47:24.503 PM]: Creating Connection[id: 782e4118-7b5d-40ea-ae5e-0baa0909c0c1] with host: COZENTUS-DATAPRACTICE.snowflakecomputing.com, account: COZENTUS-DATAPRACTICE, accessUrl: https://COZENTUS-DATAPRACTICE.snowflakecomputing.com, user: HACKATHON_DT, role: undefined, database: HACAKATHON, schema: PUBLIC, warehouse: COMPUTE_WH, proxy was not configured, password is provided, region: undefined, authenticator: SNOWFLAKE, ocsp mode: FAIL_OPEN, os: win32, os version: 10.0.26100"}
{"level":"INFO","message":"[9:47:24.503 PM]: Connection[id: 782e4118-7b5d-40ea-ae5e-0baa0909c0c1] additional details: passcode in password is provided, passcode is not provided, private key is not provided, application: undefined, client name: snowflake-sdk, client version: 2.3.3, retry timeout: 300, private key path: undefined, private key pass is not provided, client store temporary credential: false, browser response timeout: 120000"}
{"level":"INFO","message":"[9:47:24.504 PM]: Connection[id: 782e4118-7b5d-40ea-ae5e-0baa0909c0c1] - connection object created successfully."}
{"level":"INFO","message":"[9:47:24.505 PM]: Connection[id: 782e4118-7b5d-40ea-ae5e-0baa0909c0c1] - connecting. Associated Snowflake domain: GLOBAL"}
{"level":"INFO","message":"[9:47:24.506 PM]: Connection[id: 782e4118-7b5d-40ea-ae5e-0baa0909c0c1] - authentication successful using: SNOWFLAKE"}
{"level":"INFO","message":"[9:47:24.506 PM]: Trying to initialize Easy Logging"}
{"level":"INFO","message":"[9:47:24.509 PM]: No client config detected."}
{"level":"INFO","message":"[9:47:24.509 PM]: No config file path found. Client config will not be used."}
{"level":"INFO","message":"[9:47:24.509 PM]: Easy Logging is disabled as no config has been found"}
{"level":"INFO","message":"[9:47:33.649 PM]: Connection[id: 782e4118-7b5d-40ea-ae5e-0baa0909c0c1] - connection established successfully after 9144.08 milliseconds"}
{"level":"INFO","message":"[9:47:50.528 PM]: Creating new connection object"}
{"level":"INFO","message":"[9:47:50.541 PM]: Creating Connection[id: 2355dc33-8fec-4420-becc-84b0c8d6f71f] with host: COZENTUS-DATAPRACTICE.snowflakecomputing.com, account: COZENTUS-DATAPRACTICE, accessUrl: https://COZENTUS-DATAPRACTICE.snowflakecomputing.com, user: HACKATHON_DT, role: undefined, database: HACAKATHON, schema: PUBLIC, warehouse: COMPUTE_WH, proxy was not configured, password is provided, region: undefined, authenticator: SNOWFLAKE, ocsp mode: FAIL_OPEN, os: win32, os version: 10.0.26100"}
{"level":"INFO","message":"[9:47:50.542 PM]: Connection[id: 2355dc33-8fec-4420-becc-84b0c8d6f71f] additional details: passcode in password is provided, passcode is not provided, private key is not provided, application: undefined, client name: snowflake-sdk, client version: 2.3.3, retry timeout: 300, private key path: undefined, private key pass is not provided, client store temporary credential: false, browser response timeout: 120000"}
{"level":"INFO","message":"[9:47:50.542 PM]: Connection[id: 2355dc33-8fec-4420-becc-84b0c8d6f71f] - connection object created successfully."}
{"level":"INFO","message":"[9:47:50.543 PM]: Connection[id: 2355dc33-8fec-4420-becc-84b0c8d6f71f] - connecting. Associated Snowflake domain: GLOBAL"}
{"level":"INFO","message":"[9:47:50.544 PM]: Connection[id: 2355dc33-8fec-4420-becc-84b0c8d6f71f] - authentication successful using: SNOWFLAKE"}
{"level":"INFO","message":"[9:47:50.544 PM]: Trying to initialize Easy Logging"}
{"level":"INFO","message":"[9:47:50.547 PM]: No client config detected."}
{"level":"INFO","message":"[9:47:50.547 PM]: No config file path found. Client config will not be used."}
{"level":"INFO","message":"[9:47:50.547 PM]: Easy Logging is disabled as no config has been found"}
{"level":"INFO","message":"[9:47:50.855 PM]: Connection[id: 2355dc33-8fec-4420-becc-84b0c8d6f71f] - connection established successfully after 312.6 milliseconds"}
{"level":"INFO","message":"[9:48:03.408 PM]: Creating new connection object"}
{"level":"INFO","message":"[9:48:03.421 PM]: Creating Connection[id: 234692a8-a494-4a09-b280-36ee5f397d24] with host: COZENTUS-DATAPRACTICE.snowflakecomputing.com, account: COZENTUS-DATAPRACTICE, accessUrl: https://COZENTUS-DATAPRACTICE.snowflakecomputing.com, user: HACKATHON_DT, role: undefined, database: HACAKATHON, schema: PUBLIC, warehouse: COMPUTE_WH, proxy was not configured, password is provided, region: undefined, authenticator: SNOWFLAKE, ocsp mode: FAIL_OPEN, os: win32, os version: 10.0.26100"}
{"level":"INFO","message":"[9:48:03.422 PM]: Connection[id: 234692a8-a494-4a09-b280-36ee5f397d24] additional details: passcode in password is provided, passcode is not provided, private key is not provided, application: undefined, client name: snowflake-sdk, client version: 2.3.3, retry timeout: 300, private key path: undefined, private key pass is not provided, client store temporary credential: false, browser response timeout: 120000"}
{"level":"INFO","message":"[9:48:03.422 PM]: Connection[id: 234692a8-a494-4a09-b280-36ee5f397d24] - connection object created successfully."}
{"level":"INFO","message":"[9:48:03.423 PM]: Connection[id: 234692a8-a494-4a09-b280-36ee5f397d24] - connecting. Associated Snowflake domain: GLOBAL"}
{"level":"INFO","message":"[9:48:03.424 PM]: Connection[id: 234692a8-a494-4a09-b280-36ee5f397d24] - authentication successful using: SNOWFLAKE"}
{"level":"INFO","message":"[9:48:03.424 PM]: Trying to initialize Easy Logging"}
{"level":"INFO","message":"[9:48:03.427 PM]: No client config detected."}
{"level":"INFO","message":"[9:48:03.427 PM]: No config file path found. Client config will not be used."}
{"level":"INFO","message":"[9:48:03.427 PM]: Easy Logging is disabled as no config has been found"}
{"level":"INFO","message":"[9:48:03.750 PM]: Connection[id: 234692a8-a494-4a09-b280-36ee5f397d24] - connection established successfully after 327.82 milliseconds"}
{"level":"INFO","message":"[9:50:16.276 PM]: Creating new connection object"}
{"level":"INFO","message":"[9:50:16.289 PM]: Creating Connection[id: 97932439-1057-4f21-abd1-6c1de3f3f69e] with host: COZENTUS-DATAPRACTICE.snowflakecomputing.com, account: COZENTUS-DATAPRACTICE, accessUrl: https://COZENTUS-DATAPRACTICE.snowflakecomputing.com, user: HACKATHON_DT, role: undefined, database: HACAKATHON, schema: PUBLIC, warehouse: COMPUTE_WH, proxy was not configured, password is provided, region: undefined, authenticator: SNOWFLAKE, ocsp mode: FAIL_OPEN, os: win32, os version: 10.0.26100"}
{"level":"INFO","message":"[9:50:16.290 PM]: Connection[id: 97932439-1057-4f21-abd1-6c1de3f3f69e] additional details: passcode in password is provided, passcode is not provided, private key is not provided, application: undefined, client name: snowflake-sdk, client version: 2.3.3, retry timeout: 300, private key path: undefined, private key pass is not provided, client store temporary credential: false, browser response timeout: 120000"}
{"level":"INFO","message":"[9:50:16.290 PM]: Connection[id: 97932439-1057-4f21-abd1-6c1de3f3f69e] - connection object created successfully."}
{"level":"INFO","message":"[9:50:16.291 PM]: Connection[id: 97932439-1057-4f21-abd1-6c1de3f3f69e] - connecting. Associated Snowflake domain: GLOBAL"}
{"level":"INFO","message":"[9:50:16.292 PM]: Connection[id: 97932439-1057-4f21-abd1-6c1de3f3f69e] - authentication successful using: SNOWFLAKE"}
{"level":"INFO","message":"[9:50:16.293 PM]: Trying to initialize Easy Logging"}
{"level":"INFO","message":"[9:50:16.295 PM]: No client config detected."}
{"level":"INFO","message":"[9:50:16.296 PM]: No config file path found. Client config will not be used."}
{"level":"INFO","message":"[9:50:16.296 PM]: Easy Logging is disabled as no config has been found"}
{"level":"INFO","message":"[9:50:16.711 PM]: Connection[id: 97932439-1057-4f21-abd1-6c1de3f3f69e] - connection established successfully after 420.51 milliseconds"}
{"level":"INFO","message":"[9:53:43.825 PM]: Creating new connection object"}
{"level":"INFO","message":"[9:53:43.838 PM]: Creating Connection[id: 3fb14857-7707-44df-82ff-0232eaf7a073] with host: COZENTUS-DATAPRACTICE.snowflakecomputing.com, account: COZENTUS-DATAPRACTICE, accessUrl: https://COZENTUS-DATAPRACTICE.snowflakecomputing.com, user: HACKATHON_DT, role: undefined, database: HACAKATHON, schema: PUBLIC, warehouse: COMPUTE_WH, proxy was not configured, password is provided, region: undefined, authenticator: SNOWFLAKE, ocsp mode: FAIL_OPEN, os: win32, os version: 10.0.26100"}
{"level":"INFO","message":"[9:53:43.839 PM]: Connection[id: 3fb14857-7707-44df-82ff-0232eaf7a073] additional details: passcode in password is provided, passcode is not provided, private key is not provided, application: undefined, client name: snowflake-sdk, client version: 2.3.3, retry timeout: 300, private key path: undefined, private key pass is not provided, client store temporary credential: false, browser response timeout: 120000"}
{"level":"INFO","message":"[9:53:43.839 PM]: Connection[id: 3fb14857-7707-44df-82ff-0232eaf7a073] - connection object created successfully."}
{"level":"INFO","message":"[9:53:43.840 PM]: Connection[id: 3fb14857-7707-44df-82ff-0232eaf7a073] - connecting. Associated Snowflake domain: GLOBAL"}
{"level":"INFO","message":"[9:53:43.841 PM]: Connection[id: 3fb14857-7707-44df-82ff-0232eaf7a073] - authentication successful using: SNOWFLAKE"}
{"level":"INFO","message":"[9:53:43.842 PM]: Trying to initialize Easy Logging"}
{"level":"INFO","message":"[9:53:43.844 PM]: No client config detected."}
{"level":"INFO","message":"[9:53:43.844 PM]: No config file path found. Client config will not be used."}
{"level":"INFO","message":"[9:53:43.845 PM]: Easy Logging is disabled as no config has been found"}
{"level":"INFO","message":"[9:54:02.982 PM]: Connection[id: 3fb14857-7707-44df-82ff-0232eaf7a073] - connection established successfully after 19142.45 milliseconds"}
{"level":"INFO","message":"[9:56:32.056 PM]: Creating new connection object"}
{"level":"INFO","message":"[9:56:32.069 PM]: Creating Connection[id: fd9da860-9239-43a5-b71a-68b184915c51] with host: COZENTUS-DATAPRACTICE.snowflakecomputing.com, account: COZENTUS-DATAPRACTICE, accessUrl: https://COZENTUS-DATAPRACTICE.snowflakecomputing.com, user: HACKATHON_DT, role: undefined, database: HACAKATHON, schema: PUBLIC, warehouse: COMPUTE_WH, proxy was not configured, password is provided, region: undefined, authenticator: SNOWFLAKE, ocsp mode: FAIL_OPEN, os: win32, os version: 10.0.26100"}
{"level":"INFO","message":"[9:56:32.070 PM]: Connection[id: fd9da860-9239-43a5-b71a-68b184915c51] additional details: passcode in password is provided, passcode is not provided, private key is not provided, application: undefined, client name: snowflake-sdk, client version: 2.3.3, retry timeout: 300, private key path: undefined, private key pass is not provided, client store temporary credential: false, browser response timeout: 120000"}
{"level":"INFO","message":"[9:56:32.070 PM]: Connection[id: fd9da860-9239-43a5-b71a-68b184915c51] - connection object created successfully."}
{"level":"INFO","message":"[9:56:32.071 PM]: Connection[id: fd9da860-9239-43a5-b71a-68b184915c51] - connecting. Associated Snowflake domain: GLOBAL"}
{"level":"INFO","message":"[9:56:32.072 PM]: Connection[id: fd9da860-9239-43a5-b71a-68b184915c51] - authentication successful using: SNOWFLAKE"}
{"level":"INFO","message":"[9:56:32.073 PM]: Trying to initialize Easy Logging"}
{"level":"INFO","message":"[9:56:32.075 PM]: No client config detected."}
{"level":"INFO","message":"[9:56:32.076 PM]: No config file path found. Client config will not be used."}
{"level":"INFO","message":"[9:56:32.076 PM]: Easy Logging is disabled as no config has been found"}
{"level":"INFO","message":"[9:56:41.458 PM]: Connection[id: fd9da860-9239-43a5-b71a-68b184915c51] - connection established successfully after 9387.11 milliseconds"}
{"level":"INFO","message":"[9:57:03.780 PM]: Creating new connection object"}
{"level":"INFO","message":"[9:57:03.793 PM]: Creating Connection[id: 283ae4a0-eca8-443c-a064-bb5acf5366af] with host: COZENTUS-DATAPRACTICE.snowflakecomputing.com, account: COZENTUS-DATAPRACTICE, accessUrl: https://COZENTUS-DATAPRACTICE.snowflakecomputing.com, user: HACKATHON_DT, role: undefined, database: HACAKATHON, schema: PUBLIC, warehouse: COMPUTE_WH, proxy was not configured, password is provided, region: undefined, authenticator: SNOWFLAKE, ocsp mode: FAIL_OPEN, os: win32, os version: 10.0.26100"}
{"level":"INFO","message":"[9:57:03.794 PM]: Connection[id: 283ae4a0-eca8-443c-a064-bb5acf5366af] additional details: passcode in password is provided, passcode is not provided, private key is not provided, application: undefined, client name: snowflake-sdk, client version: 2.3.3, retry timeout: 300, private key path: undefined, private key pass is not provided, client store temporary credential: false, browser response timeout: 120000"}
{"level":"INFO","message":"[9:57:03.794 PM]: Connection[id: 283ae4a0-eca8-443c-a064-bb5acf5366af] - connection object created successfully."}
{"level":"INFO","message":"[9:57:03.795 PM]: Connection[id: 283ae4a0-eca8-443c-a064-bb5acf5366af] - connecting. Associated Snowflake domain: GLOBAL"}
{"level":"INFO","message":"[9:57:03.796 PM]: Connection[id: 283ae4a0-eca8-443c-a064-bb5acf5366af] - authentication successful using: SNOWFLAKE"}
{"level":"INFO","message":"[9:57:03.797 PM]: Trying to initialize Easy Logging"}
{"level":"INFO","message":"[9:57:03.799 PM]: No client config detected."}
{"level":"INFO","message":"[9:57:03.800 PM]: No config file path found. Client config will not be used."}
{"level":"INFO","message":"[9:57:03.800 PM]: Easy Logging is disabled as no config has been found"}
{"level":"INFO","message":"[9:57:10.073 PM]: Connection[id: 283ae4a0-eca8-443c-a064-bb5acf5366af] - connection established successfully after 6277.7 milliseconds"}
{"level":"INFO","message":"[9:57:41.185 PM]: Creating new connection object"}
{"level":"INFO","message":"[9:57:41.199 PM]: Creating Connection[id: 09d1b241-7059-45a2-a0ea-ec7dcb4c707f] with host: COZENTUS-DATAPRACTICE.snowflakecomputing.com, account: COZENTUS-DATAPRACTICE, accessUrl: https://COZENTUS-DATAPRACTICE.snowflakecomputing.com, user: HACKATHON_DT, role: undefined, database: HACAKATHON, schema: PUBLIC, warehouse: COMPUTE_WH, proxy was not configured, password is provided, region: undefined, authenticator: SNOWFLAKE, ocsp mode: FAIL_OPEN, os: win32, os version: 10.0.26100"}
{"level":"INFO","message":"[9:57:41.199 PM]: Connection[id: 09d1b241-7059-45a2-a0ea-ec7dcb4c707f] additional details: passcode in password is provided, passcode is not provided, private key is not provided, application: undefined, client name: snowflake-sdk, client version: 2.3.3, retry timeout: 300, private key path: undefined, private key pass is not provided, client store temporary credential: false, browser response timeout: 120000"}
{"level":"INFO","message":"[9:57:41.200 PM]: Connection[id: 09d1b241-7059-45a2-a0ea-ec7dcb4c707f] - connection object created successfully."}
{"level":"INFO","message":"[9:57:41.200 PM]: Connection[id: 09d1b241-7059-45a2-a0ea-ec7dcb4c707f] - connecting. Associated Snowflake domain: GLOBAL"}
{"level":"INFO","message":"[9:57:41.201 PM]: Connection[id: 09d1b241-7059-45a2-a0ea-ec7dcb4c707f] - authentication successful using: SNOWFLAKE"}
{"level":"INFO","message":"[9:57:41.202 PM]: Trying to initialize Easy Logging"}
{"level":"INFO","message":"[9:57:41.204 PM]: No client config detected."}
{"level":"INFO","message":"[9:57:41.205 PM]: No config file path found. Client config will not be used."}
{"level":"INFO","message":"[9:57:41.205 PM]: Easy Logging is disabled as no config has been found"}
{"level":"INFO","message":"[9:57:47.004 PM]: Connection[id: 09d1b241-7059-45a2-a0ea-ec7dcb4c707f] - connection established successfully after 5804.17 milliseconds"}
{"level":"INFO","message":"[9:58:00.810 PM]: Creating new connection object"}
{"level":"INFO","message":"[9:58:00.823 PM]: Creating Connection[id: f022d841-0727-4421-b6e9-676998ed8e52] with host: COZENTUS-DATAPRACTICE.snowflakecomputing.com, account: COZENTUS-DATAPRACTICE, accessUrl: https://COZENTUS-DATAPRACTICE.snowflakecomputing.com, user: HACKATHON_DT, role: undefined, database: HACAKATHON, schema: PUBLIC, warehouse: COMPUTE_WH, proxy was not configured, password is provided, region: undefined, authenticator: SNOWFLAKE, ocsp mode: FAIL_OPEN, os: win32, os version: 10.0.26100"}
{"level":"INFO","message":"[9:58:00.823 PM]: Connection[id: f022d841-0727-4421-b6e9-676998ed8e52] additional details: passcode in password is provided, passcode is not provided, private key is not provided, application: undefined, client name: snowflake-sdk, client version: 2.3.3, retry timeout: 300, private key path: undefined, private key pass is not provided, client store temporary credential: false, browser response timeout: 120000"}
{"level":"INFO","message":"[9:58:00.824 PM]: Connection[id: f022d841-0727-4421-b6e9-676998ed8e52] - connection object created successfully."}
{"level":"INFO","message":"[9:58:00.824 PM]: Connection[id: f022d841-0727-4421-b6e9-676998ed8e52] - connecting. Associated Snowflake domain: GLOBAL"}
{"level":"INFO","message":"[9:58:00.825 PM]: Connection[id: f022d841-0727-4421-b6e9-676998ed8e52] - authentication successful using: SNOWFLAKE"}
{"level":"INFO","message":"[9:58:00.826 PM]: Trying to initialize Easy Logging"}
{"level":"INFO","message":"[9:58:00.828 PM]: No client config detected."}
{"level":"INFO","message":"[9:58:00.828 PM]: No config file path found. Client config will not be used."}
{"level":"INFO","message":"[9:58:00.829 PM]: Easy Logging is disabled as no config has been found"}
{"level":"INFO","message":"[9:58:06.314 PM]: Connection[id: f022d841-0727-4421-b6e9-676998ed8e52] - connection established successfully after 5490.11 milliseconds"}
{"level":"INFO","message":"[9:58:57.908 PM]: Creating new connection object"}
{"level":"INFO","message":"[9:58:57.921 PM]: Creating Connection[id: 741df4b4-c86d-4648-9fb7-9004cc75d8da] with host: COZENTUS-DATAPRACTICE.snowflakecomputing.com, account: COZENTUS-DATAPRACTICE, accessUrl: https://COZENTUS-DATAPRACTICE.snowflakecomputing.com, user: HACKATHON_DT, role: undefined, database: HACAKATHON, schema: PUBLIC, warehouse: COMPUTE_WH, proxy was not configured, password is provided, region: undefined, authenticator: SNOWFLAKE, ocsp mode: FAIL_OPEN, os: win32, os version: 10.0.26100"}
{"level":"INFO","message":"[9:58:57.921 PM]: Connection[id: 741df4b4-c86d-4648-9fb7-9004cc75d8da] additional details: passcode in password is provided, passcode is not provided, private key is not provided, application: undefined, client name: snowflake-sdk, client version: 2.3.3, retry timeout: 300, private key path: undefined, private key pass is not provided, client store temporary credential: false, browser response timeout: 120000"}
{"level":"INFO","message":"[9:58:57.922 PM]: Connection[id: 741df4b4-c86d-4648-9fb7-9004cc75d8da] - connection object created successfully."}
{"level":"INFO","message":"[9:58:57.923 PM]: Connection[id: 741df4b4-c86d-4648-9fb7-9004cc75d8da] - connecting. Associated Snowflake domain: GLOBAL"}
{"level":"INFO","message":"[9:58:57.924 PM]: Connection[id: 741df4b4-c86d-4648-9fb7-9004cc75d8da] - authentication successful using: SNOWFLAKE"}
{"level":"INFO","message":"[9:58:57.924 PM]: Trying to initialize Easy Logging"}
{"level":"INFO","message":"[9:58:57.927 PM]: No client config detected."}
{"level":"INFO","message":"[9:58:57.927 PM]: No config file path found. Client config will not be used."}
{"level":"INFO","message":"[9:58:57.927 PM]: Easy Logging is disabled as no config has been found"}
{"level":"INFO","message":"[9:59:03.442 PM]: Connection[id: 741df4b4-c86d-4648-9fb7-9004cc75d8da] - connection established successfully after 5519.69 milliseconds"}
{"level":"INFO","message":"[9:59:58.704 PM]: Creating new connection object"}
{"level":"INFO","message":"[9:59:58.717 PM]: Creating Connection[id: 339fb0b9-718e-4337-97c0-c4a1448b607c] with host: COZENTUS-DATAPRACTICE.snowflakecomputing.com, account: COZENTUS-DATAPRACTICE, accessUrl: https://COZENTUS-DATAPRACTICE.snowflakecomputing.com, user: HACKATHON_DT, role: undefined, database: HACAKATHON, schema: PUBLIC, warehouse: COMPUTE_WH, proxy was not configured, password is provided, region: undefined, authenticator: SNOWFLAKE, ocsp mode: FAIL_OPEN, os: win32, os version: 10.0.26100"}
{"level":"INFO","message":"[9:59:58.718 PM]: Connection[id: 339fb0b9-718e-4337-97c0-c4a1448b607c] additional details: passcode in password is provided, passcode is not provided, private key is not provided, application: undefined, client name: snowflake-sdk, client version: 2.3.3, retry timeout: 300, private key path: undefined, private key pass is not provided, client store temporary credential: false, browser response timeout: 120000"}
{"level":"INFO","message":"[9:59:58.718 PM]: Connection[id: 339fb0b9-718e-4337-97c0-c4a1448b607c] - connection object created successfully."}
{"level":"INFO","message":"[9:59:58.719 PM]: Connection[id: 339fb0b9-718e-4337-97c0-c4a1448b607c] - connecting. Associated Snowflake domain: GLOBAL"}
{"level":"INFO","message":"[9:59:58.720 PM]: Connection[id: 339fb0b9-718e-4337-97c0-c4a1448b607c] - authentication successful using: SNOWFLAKE"}
{"level":"INFO","message":"[9:59:58.720 PM]: Trying to initialize Easy Logging"}
{"level":"INFO","message":"[9:59:58.723 PM]: No client config detected."}
{"level":"INFO","message":"[9:59:58.723 PM]: No config file path found. Client config will not be used."}
{"level":"INFO","message":"[9:59:58.724 PM]: Easy Logging is disabled as no config has been found"}
{"level":"INFO","message":"[10:00:05.782 PM]: Connection[id: 339fb0b9-718e-4337-97c0-c4a1448b607c] - connection established successfully after 7062.93 milliseconds"}
{"level":"INFO","message":"[10:00:53.166 PM]: Creating new connection object"}
{"level":"INFO","message":"[10:00:53.180 PM]: Creating Connection[id: e193afbb-aa75-4b3d-8b9d-9c39499d045a] with host: COZENTUS-DATAPRACTICE.snowflakecomputing.com, account: COZENTUS-DATAPRACTICE, accessUrl: https://COZENTUS-DATAPRACTICE.snowflakecomputing.com, user: HACKATHON_DT, role: undefined, database: HACAKATHON, schema: PUBLIC, warehouse: COMPUTE_WH, proxy was not configured, password is provided, region: undefined, authenticator: SNOWFLAKE, ocsp mode: FAIL_OPEN, os: win32, os version: 10.0.26100"}
{"level":"INFO","message":"[10:00:53.180 PM]: Connection[id: e193afbb-aa75-4b3d-8b9d-9c39499d045a] additional details: passcode in password is provided, passcode is not provided, private key is not provided, application: undefined, client name: snowflake-sdk, client version: 2.3.3, retry timeout: 300, private key path: undefined, private key pass is not provided, client store temporary credential: false, browser response timeout: 120000"}
{"level":"INFO","message":"[10:00:53.181 PM]: Connection[id: e193afbb-aa75-4b3d-8b9d-9c39499d045a] - connection object created successfully."}
{"level":"INFO","message":"[10:00:53.182 PM]: Connection[id: e193afbb-aa75-4b3d-8b9d-9c39499d045a] - connecting. Associated Snowflake domain: GLOBAL"}
{"level":"INFO","message":"[10:00:53.183 PM]: Connection[id: e193afbb-aa75-4b3d-8b9d-9c39499d045a] - authentication successful using: SNOWFLAKE"}
{"level":"INFO","message":"[10:00:53.183 PM]: Trying to initialize Easy Logging"}
{"level":"INFO","message":"[10:00:53.186 PM]: No client config detected."}
{"level":"INFO","message":"[10:00:53.186 PM]: No config file path found. Client config will not be used."}
{"level":"INFO","message":"[10:00:53.187 PM]: Easy Logging is disabled as no config has been found"}
{"level":"INFO","message":"[10:00:58.968 PM]: Connection[id: e193afbb-aa75-4b3d-8b9d-9c39499d045a] - connection established successfully after 5786.64 milliseconds"}
{"level":"INFO","message":"[10:07:13.704 PM]: Creating new connection object"}
{"level":"INFO","message":"[10:07:13.718 PM]: Creating Connection[id: e9b4c987-ce33-4eb6-8267-dac819dd8f51] with host: COZENTUS-DATAPRACTICE.snowflakecomputing.com, account: COZENTUS-DATAPRACTICE, accessUrl: https://COZENTUS-DATAPRACTICE.snowflakecomputing.com, user: HACKATHON_DT, role: undefined, database: HACAKATHON, schema: PUBLIC, warehouse: COMPUTE_WH, proxy was not configured, password is provided, region: undefined, authenticator: SNOWFLAKE, ocsp mode: FAIL_OPEN, os: win32, os version: 10.0.26100"}
{"level":"INFO","message":"[10:07:13.718 PM]: Connection[id: e9b4c987-ce33-4eb6-8267-dac819dd8f51] additional details: passcode in password is provided, passcode is not provided, private key is not provided, application: undefined, client name: snowflake-sdk, client version: 2.3.3, retry timeout: 300, private key path: undefined, private key pass is not provided, client store temporary credential: false, browser response timeout: 120000"}
{"level":"INFO","message":"[10:07:13.719 PM]: Connection[id: e9b4c987-ce33-4eb6-8267-dac819dd8f51] - connection object created successfully."}
{"level":"INFO","message":"[10:07:13.719 PM]: Connection[id: e9b4c987-ce33-4eb6-8267-dac819dd8f51] - connecting. Associated Snowflake domain: GLOBAL"}
{"level":"INFO","message":"[10:07:13.720 PM]: Connection[id: e9b4c987-ce33-4eb6-8267-dac819dd8f51] - authentication successful using: SNOWFLAKE"}
{"level":"INFO","message":"[10:07:13.721 PM]: Trying to initialize Easy Logging"}
{"level":"INFO","message":"[10:07:13.723 PM]: No client config detected."}
{"level":"INFO","message":"[10:07:13.724 PM]: No config file path found. Client config will not be used."}
{"level":"INFO","message":"[10:07:13.724 PM]: Easy Logging is disabled as no config has been found"}
{"level":"INFO","message":"[10:07:24.069 PM]: Connection[id: e9b4c987-ce33-4eb6-8267-dac819dd8f51] - connection established successfully after 10349.8 milliseconds"}
{"level":"INFO","message":"[10:09:07.039 PM]: Creating new connection object"}
{"level":"INFO","message":"[10:09:07.052 PM]: Creating Connection[id: c329bb70-4f3e-409f-aa92-99eb43469535] with host: COZENTUS-DATAPRACTICE.snowflakecomputing.com, account: COZENTUS-DATAPRACTICE, accessUrl: https://COZENTUS-DATAPRACTICE.snowflakecomputing.com, user: HACKATHON_DT, role: undefined, database: HACAKATHON, schema: PUBLIC, warehouse: COMPUTE_WH, proxy was not configured, password is provided, region: undefined, authenticator: SNOWFLAKE, ocsp mode: FAIL_OPEN, os: win32, os version: 10.0.26100"}
{"level":"INFO","message":"[10:09:07.052 PM]: Connection[id: c329bb70-4f3e-409f-aa92-99eb43469535] additional details: passcode in password is provided, passcode is not provided, private key is not provided, application: undefined, client name: snowflake-sdk, client version: 2.3.3, retry timeout: 300, private key path: undefined, private key pass is not provided, client store temporary credential: false, browser response timeout: 120000"}
{"level":"INFO","message":"[10:09:07.053 PM]: Connection[id: c329bb70-4f3e-409f-aa92-99eb43469535] - connection object created successfully."}
{"level":"INFO","message":"[10:09:07.053 PM]: Connection[id: c329bb70-4f3e-409f-aa92-99eb43469535] - connecting. Associated Snowflake domain: GLOBAL"}
{"level":"INFO","message":"[10:09:07.055 PM]: Connection[id: c329bb70-4f3e-409f-aa92-99eb43469535] - authentication successful using: SNOWFLAKE"}
{"level":"INFO","message":"[10:09:07.056 PM]: Trying to initialize Easy Logging"}
{"level":"INFO","message":"[10:09:07.060 PM]: No client config detected."}
{"level":"INFO","message":"[10:09:07.061 PM]: No config file path found. Client config will not be used."}
{"level":"INFO","message":"[10:09:07.062 PM]: Easy Logging is disabled as no config has been found"}
{"level":"INFO","message":"[10:09:07.754 PM]: Connection[id: c329bb70-4f3e-409f-aa92-99eb43469535] - connection established successfully after 700.83 milliseconds"}
{"level":"INFO","message":"[10:17:37.190 PM]: Creating new connection object"}
{"level":"INFO","message":"[10:17:37.203 PM]: Creating Connection[id: d6b647e0-a157-4aab-b312-1a4fdc322d8e] with host: COZENTUS-DATAPRACTICE.snowflakecomputing.com, account: COZENTUS-DATAPRACTICE, accessUrl: https://COZENTUS-DATAPRACTICE.snowflakecomputing.com, user: HACKATHON_DT, role: undefined, database: HACAKATHON, schema: DT_INGESTION, warehouse: COMPUTE_WH, proxy was not configured, password is provided, region: undefined, authenticator: SNOWFLAKE, ocsp mode: FAIL_OPEN, os: win32, os version: 10.0.26100"}
{"level":"INFO","message":"[10:17:37.203 PM]: Connection[id: d6b647e0-a157-4aab-b312-1a4fdc322d8e] additional details: passcode in password is provided, passcode is not provided, private key is not provided, application: undefined, client name: snowflake-sdk, client version: 2.3.3, retry timeout: 300, private key path: undefined, private key pass is not provided, client store temporary credential: false, browser response timeout: 120000"}
{"level":"INFO","message":"[10:17:37.204 PM]: Connection[id: d6b647e0-a157-4aab-b312-1a4fdc322d8e] - connection object created successfully."}
{"level":"INFO","message":"[10:17:37.205 PM]: Connection[id: d6b647e0-a157-4aab-b312-1a4fdc322d8e] - connecting. Associated Snowflake domain: GLOBAL"}
{"level":"INFO","message":"[10:17:37.206 PM]: Connection[id: d6b647e0-a157-4aab-b312-1a4fdc322d8e] - authentication successful using: SNOWFLAKE"}
{"level":"INFO","message":"[10:17:37.206 PM]: Trying to initialize Easy Logging"}
{"level":"INFO","message":"[10:17:37.209 PM]: No client config detected."}
{"level":"INFO","message":"[10:17:37.209 PM]: No config file path found. Client config will not be used."}
{"level":"INFO","message":"[10:17:37.209 PM]: Easy Logging is disabled as no config has been found"}
{"level":"INFO","message":"[10:17:37.518 PM]: Connection[id: d6b647e0-a157-4aab-b312-1a4fdc322d8e] - connection established successfully after 313.9 milliseconds"}
{"level":"INFO","message":"[10:22:16.789 PM]: Creating new connection object"}
{"level":"INFO","message":"[10:22:16.803 PM]: Creating Connection[id: f8a6b4c4-0caf-4670-9f30-8f34869b41ba] with host: COZENTUS-DATAPRACTICE.snowflakecomputing.com, account: COZENTUS-DATAPRACTICE, accessUrl: https://COZENTUS-DATAPRACTICE.snowflakecomputing.com, user: HACKATHON_DT, role: undefined, database: HACAKATHON, schema: undefined, warehouse: COMPUTE_WH, proxy was not configured, password is provided, region: undefined, authenticator: SNOWFLAKE, ocsp mode: FAIL_OPEN, os: win32, os version: 10.0.26100"}
{"level":"INFO","message":"[10:22:16.803 PM]: Connection[id: f8a6b4c4-0caf-4670-9f30-8f34869b41ba] additional details: passcode in password is provided, passcode is not provided, private key is not provided, application: undefined, client name: snowflake-sdk, client version: 2.3.3, retry timeout: 300, private key path: undefined, private key pass is not provided, client store temporary credential: false, browser response timeout: 120000"}
{"level":"INFO","message":"[10:22:16.804 PM]: Connection[id: f8a6b4c4-0caf-4670-9f30-8f34869b41ba] - connection object created successfully."}
{"level":"INFO","message":"[10:22:16.804 PM]: Connection[id: f8a6b4c4-0caf-4670-9f30-8f34869b41ba] - connecting. Associated Snowflake domain: GLOBAL"}
{"level":"INFO","message":"[10:22:16.806 PM]: Connection[id: f8a6b4c4-0caf-4670-9f30-8f34869b41ba] - authentication successful using: SNOWFLAKE"}
{"level":"INFO","message":"[10:22:16.806 PM]: Trying to initialize Easy Logging"}
{"level":"INFO","message":"[10:22:16.809 PM]: No client config detected."}
{"level":"INFO","message":"[10:22:16.809 PM]: No config file path found. Client config will not be used."}
{"level":"INFO","message":"[10:22:16.809 PM]: Easy Logging is disabled as no config has been found"}
{"level":"INFO","message":"[10:22:17.101 PM]: Connection[id: f8a6b4c4-0caf-4670-9f30-8f34869b41ba] - connection established successfully after 296.74 milliseconds"}
{"level":"INFO","message":"[10:22:26.829 PM]: Creating new connection object"}
{"level":"INFO","message":"[10:22:26.842 PM]: Creating Connection[id: a2bb5a13-2834-4a63-afc9-2d4e08b60a6a] with host: COZENTUS-DATAPRACTICE.snowflakecomputing.com, account: COZENTUS-DATAPRACTICE, accessUrl: https://COZENTUS-DATAPRACTICE.snowflakecomputing.com, user: HACKATHON_DT, role: undefined, database: HACAKATHON, schema: undefined, warehouse: COMPUTE_WH, proxy was not configured, password is provided, region: undefined, authenticator: SNOWFLAKE, ocsp mode: FAIL_OPEN, os: win32, os version: 10.0.26100"}
{"level":"INFO","message":"[10:22:26.843 PM]: Connection[id: a2bb5a13-2834-4a63-afc9-2d4e08b60a6a] additional details: passcode in password is provided, passcode is not provided, private key is not provided, application: undefined, client name: snowflake-sdk, client version: 2.3.3, retry timeout: 300, private key path: undefined, private key pass is not provided, client store temporary credential: false, browser response timeout: 120000"}
{"level":"INFO","message":"[10:22:26.843 PM]: Connection[id: a2bb5a13-2834-4a63-afc9-2d4e08b60a6a] - connection object created successfully."}
{"level":"INFO","message":"[10:22:26.843 PM]: Connection[id: a2bb5a13-2834-4a63-afc9-2d4e08b60a6a] - connecting. Associated Snowflake domain: GLOBAL"}
{"level":"INFO","message":"[10:22:26.845 PM]: Connection[id: a2bb5a13-2834-4a63-afc9-2d4e08b60a6a] - authentication successful using: SNOWFLAKE"}
{"level":"INFO","message":"[10:22:26.845 PM]: Trying to initialize Easy Logging"}
{"level":"INFO","message":"[10:22:26.848 PM]: No client config detected."}
{"level":"INFO","message":"[10:22:26.848 PM]: No config file path found. Client config will not be used."}
{"level":"INFO","message":"[10:22:26.848 PM]: Easy Logging is disabled as no config has been found"}
{"level":"INFO","message":"[10:22:27.124 PM]: Connection[id: a2bb5a13-2834-4a63-afc9-2d4e08b60a6a] - connection established successfully after 281.01 milliseconds"}
{"level":"INFO","message":"[10:27:06.384 PM]: Creating new connection object"}
{"level":"INFO","message":"[10:27:06.397 PM]: Creating Connection[id: 2289f62f-59d1-4829-a71f-1755384558af] with host: COZENTUS-DATAPRACTICE.snowflakecomputing.com, account: COZENTUS-DATAPRACTICE, accessUrl: https://COZENTUS-DATAPRACTICE.snowflakecomputing.com, user: HACKATHON_DT, role: undefined, database: HACAKATHON, schema: undefined, warehouse: COMPUTE_WH, proxy was not configured, password is provided, region: undefined, authenticator: SNOWFLAKE, ocsp mode: FAIL_OPEN, os: win32, os version: 10.0.26100"}
{"level":"INFO","message":"[10:27:06.398 PM]: Connection[id: 2289f62f-59d1-4829-a71f-1755384558af] additional details: passcode in password is provided, passcode is not provided, private key is not provided, application: undefined, client name: snowflake-sdk, client version: 2.3.3, retry timeout: 300, private key path: undefined, private key pass is not provided, client store temporary credential: false, browser response timeout: 120000"}
{"level":"INFO","message":"[10:27:06.398 PM]: Connection[id: 2289f62f-59d1-4829-a71f-1755384558af] - connection object created successfully."}
{"level":"INFO","message":"[10:27:06.399 PM]: Connection[id: 2289f62f-59d1-4829-a71f-1755384558af] - connecting. Associated Snowflake domain: GLOBAL"}
{"level":"INFO","message":"[10:27:06.400 PM]: Connection[id: 2289f62f-59d1-4829-a71f-1755384558af] - authentication successful using: SNOWFLAKE"}
{"level":"INFO","message":"[10:27:06.401 PM]: Trying to initialize Easy Logging"}
{"level":"INFO","message":"[10:27:06.403 PM]: No client config detected."}
{"level":"INFO","message":"[10:27:06.403 PM]: No config file path found. Client config will not be used."}
{"level":"INFO","message":"[10:27:06.404 PM]: Easy Logging is disabled as no config has been found"}
{"level":"INFO","message":"[10:27:06.731 PM]: Connection[id: 2289f62f-59d1-4829-a71f-1755384558af] - connection established successfully after 332.48 milliseconds"}
{"level":"INFO","message":"[10:27:18.094 PM]: Creating new connection object"}
{"level":"INFO","message":"[10:27:18.107 PM]: Creating Connection[id: d89f15eb-ab18-4a4e-b9ad-e881e1508e98] with host: COZENTUS-DATAPRACTICE.snowflakecomputing.com, account: COZENTUS-DATAPRACTICE, accessUrl: https://COZENTUS-DATAPRACTICE.snowflakecomputing.com, user: HACKATHON_DT, role: undefined, database: HACAKATHON, schema: undefined, warehouse: COMPUTE_WH, proxy was not configured, password is provided, region: undefined, authenticator: SNOWFLAKE, ocsp mode: FAIL_OPEN, os: win32, os version: 10.0.26100"}
{"level":"INFO","message":"[10:27:18.107 PM]: Connection[id: d89f15eb-ab18-4a4e-b9ad-e881e1508e98] additional details: passcode in password is provided, passcode is not provided, private key is not provided, application: undefined, client name: snowflake-sdk, client version: 2.3.3, retry timeout: 300, private key path: undefined, private key pass is not provided, client store temporary credential: false, browser response timeout: 120000"}
{"level":"INFO","message":"[10:27:18.108 PM]: Connection[id: d89f15eb-ab18-4a4e-b9ad-e881e1508e98] - connection object created successfully."}
{"level":"INFO","message":"[10:27:18.108 PM]: Connection[id: d89f15eb-ab18-4a4e-b9ad-e881e1508e98] - connecting. Associated Snowflake domain: GLOBAL"}
{"level":"INFO","message":"[10:27:18.109 PM]: Connection[id: d89f15eb-ab18-4a4e-b9ad-e881e1508e98] - authentication successful using: SNOWFLAKE"}
{"level":"INFO","message":"[10:27:18.110 PM]: Trying to initialize Easy Logging"}
{"level":"INFO","message":"[10:27:18.112 PM]: No client config detected."}
{"level":"INFO","message":"[10:27:18.112 PM]: No config file path found. Client config will not be used."}
{"level":"INFO","message":"[10:27:18.113 PM]: Easy Logging is disabled as no config has been found"}
{"level":"INFO","message":"[10:27:18.407 PM]: Connection[id: d89f15eb-ab18-4a4e-b9ad-e881e1508e98] - connection established successfully after 299.12 milliseconds"}
{"level":"INFO","message":"[10:30:05.768 PM]: Creating new connection object"}
{"level":"INFO","message":"[10:30:05.782 PM]: Creating Connection[id: 05f331fc-9135-4201-a537-112b16b68bf0] with host: COZENTUS-DATAPRACTICE.snowflakecomputing.com, account: COZENTUS-DATAPRACTICE, accessUrl: https://COZENTUS-DATAPRACTICE.snowflakecomputing.com, user: HACKATHON_DT, role: undefined, database: HACAKATHON, schema: DT_INGESTION, warehouse: COMPUTE_WH, proxy was not configured, password is provided, region: undefined, authenticator: SNOWFLAKE, ocsp mode: FAIL_OPEN, os: win32, os version: 10.0.26100"}
{"level":"INFO","message":"[10:30:05.782 PM]: Connection[id: 05f331fc-9135-4201-a537-112b16b68bf0] additional details: passcode in password is provided, passcode is not provided, private key is not provided, application: undefined, client name: snowflake-sdk, client version: 2.3.3, retry timeout: 300, private key path: undefined, private key pass is not provided, client store temporary credential: false, browser response timeout: 120000"}
{"level":"INFO","message":"[10:30:05.783 PM]: Connection[id: 05f331fc-9135-4201-a537-112b16b68bf0] - connection object created successfully."}
{"level":"INFO","message":"[10:30:05.783 PM]: Connection[id: 05f331fc-9135-4201-a537-112b16b68bf0] - connecting. Associated Snowflake domain: GLOBAL"}
{"level":"INFO","message":"[10:30:05.784 PM]: Connection[id: 05f331fc-9135-4201-a537-112b16b68bf0] - authentication successful using: SNOWFLAKE"}
{"level":"INFO","message":"[10:30:05.785 PM]: Trying to initialize Easy Logging"}
{"level":"INFO","message":"[10:30:05.787 PM]: No client config detected."}
{"level":"INFO","message":"[10:30:05.787 PM]: No config file path found. Client config will not be used."}
{"level":"INFO","message":"[10:30:05.788 PM]: Easy Logging is disabled as no config has been found"}
{"level":"INFO","message":"[10:30:06.109 PM]: Connection[id: 05f331fc-9135-4201-a537-112b16b68bf0] - connection established successfully after 325.71 milliseconds"}
{"level":"INFO","message":"[10:31:59.801 PM]: Creating new connection object"}
{"level":"INFO","message":"[10:31:59.815 PM]: Creating Connection[id: 944af0ba-bea5-4cd7-97dc-396c194639d0] with host: COZENTUS-DATAPRACTICE.snowflakecomputing.com, account: COZENTUS-DATAPRACTICE, accessUrl: https://COZENTUS-DATAPRACTICE.snowflakecomputing.com, user: HACKATHON_DT, role: undefined, database: HACAKATHON, schema: DT_INGESTION, warehouse: COMPUTE_WH, proxy was not configured, password is provided, region: undefined, authenticator: SNOWFLAKE, ocsp mode: FAIL_OPEN, os: win32, os version: 10.0.26100"}
{"level":"INFO","message":"[10:31:59.815 PM]: Connection[id: 944af0ba-bea5-4cd7-97dc-396c194639d0] additional details: passcode in password is provided, passcode is not provided, private key is not provided, application: undefined, client name: snowflake-sdk, client version: 2.3.3, retry timeout: 300, private key path: undefined, private key pass is not provided, client store temporary credential: false, browser response timeout: 120000"}
{"level":"INFO","message":"[10:31:59.816 PM]: Connection[id: 944af0ba-bea5-4cd7-97dc-396c194639d0] - connection object created successfully."}
{"level":"INFO","message":"[10:31:59.816 PM]: Connection[id: 944af0ba-bea5-4cd7-97dc-396c194639d0] - connecting. Associated Snowflake domain: GLOBAL"}
{"level":"INFO","message":"[10:31:59.817 PM]: Connection[id: 944af0ba-bea5-4cd7-97dc-396c194639d0] - authentication successful using: SNOWFLAKE"}
{"level":"INFO","message":"[10:31:59.818 PM]: Trying to initialize Easy Logging"}
{"level":"INFO","message":"[10:31:59.820 PM]: No client config detected."}
{"level":"INFO","message":"[10:31:59.821 PM]: No config file path found. Client config will not be used."}
{"level":"INFO","message":"[10:31:59.821 PM]: Easy Logging is disabled as no config has been found"}
{"level":"INFO","message":"[10:32:00.171 PM]: Connection[id: 944af0ba-bea5-4cd7-97dc-396c194639d0] - connection established successfully after 354.99 milliseconds"}
{"level":"INFO","message":"[10:32:14.020 PM]: Creating new connection object"}
{"level":"INFO","message":"[10:32:14.035 PM]: Creating Connection[id: 9abc0cfd-1f07-4a6c-9917-ee7b128d04cf] with host: COZENTUS-DATAPRACTICE.snowflakecomputing.com, account: COZENTUS-DATAPRACTICE, accessUrl: https://COZENTUS-DATAPRACTICE.snowflakecomputing.com, user: HACKATHON_DT, role: undefined, database: HACAKATHON, schema: DT_INGESTION, warehouse: COMPUTE_WH, proxy was not configured, password is provided, region: undefined, authenticator: SNOWFLAKE, ocsp mode: FAIL_OPEN, os: win32, os version: 10.0.26100"}
{"level":"INFO","message":"[10:32:14.035 PM]: Connection[id: 9abc0cfd-1f07-4a6c-9917-ee7b128d04cf] additional details: passcode in password is provided, passcode is not provided, private key is not provided, application: undefined, client name: snowflake-sdk, client version: 2.3.3, retry timeout: 300, private key path: undefined, private key pass is not provided, client store temporary credential: false, browser response timeout: 120000"}
{"level":"INFO","message":"[10:32:14.036 PM]: Connection[id: 9abc0cfd-1f07-4a6c-9917-ee7b128d04cf] - connection object created successfully."}
{"level":"INFO","message":"[10:32:14.036 PM]: Connection[id: 9abc0cfd-1f07-4a6c-9917-ee7b128d04cf] - connecting. Associated Snowflake domain: GLOBAL"}
{"level":"INFO","message":"[10:32:14.038 PM]: Connection[id: 9abc0cfd-1f07-4a6c-9917-ee7b128d04cf] - authentication successful using: SNOWFLAKE"}
{"level":"INFO","message":"[10:32:14.038 PM]: Trying to initialize Easy Logging"}
{"level":"INFO","message":"[10:32:14.041 PM]: No client config detected."}
{"level":"INFO","message":"[10:32:14.041 PM]: No config file path found. Client config will not be used."}
{"level":"INFO","message":"[10:32:14.042 PM]: Easy Logging is disabled as no config has been found"}
{"level":"INFO","message":"[10:32:14.357 PM]: Connection[id: 9abc0cfd-1f07-4a6c-9917-ee7b128d04cf] - connection established successfully after 320.45 milliseconds"}
{"level":"INFO","message":"[10:33:14.033 PM]: Creating new connection object"}
{"level":"INFO","message":"[10:33:14.046 PM]: Creating Connection[id: 6507c90e-a3d4-4287-8acd-eb1523eabc1d] with host: COZENTUS-DATAPRACTICE.snowflakecomputing.com, account: COZENTUS-DATAPRACTICE, accessUrl: https://COZENTUS-DATAPRACTICE.snowflakecomputing.com, user: HACKATHON_DT, role: undefined, database: HACAKATHON, schema: DT_INGESTION, warehouse: COMPUTE_WH, proxy was not configured, password is provided, region: undefined, authenticator: SNOWFLAKE, ocsp mode: FAIL_OPEN, os: win32, os version: 10.0.26100"}
{"level":"INFO","message":"[10:33:14.047 PM]: Connection[id: 6507c90e-a3d4-4287-8acd-eb1523eabc1d] additional details: passcode in password is provided, passcode is not provided, private key is not provided, application: undefined, client name: snowflake-sdk, client version: 2.3.3, retry timeout: 300, private key path: undefined, private key pass is not provided, client store temporary credential: false, browser response timeout: 120000"}
{"level":"INFO","message":"[10:33:14.047 PM]: Connection[id: 6507c90e-a3d4-4287-8acd-eb1523eabc1d] - connection object created successfully."}
{"level":"INFO","message":"[10:33:14.048 PM]: Connection[id: 6507c90e-a3d4-4287-8acd-eb1523eabc1d] - connecting. Associated Snowflake domain: GLOBAL"}
{"level":"INFO","message":"[10:33:14.049 PM]: Connection[id: 6507c90e-a3d4-4287-8acd-eb1523eabc1d] - authentication successful using: SNOWFLAKE"}
{"level":"INFO","message":"[10:33:14.049 PM]: Trying to initialize Easy Logging"}
{"level":"INFO","message":"[10:33:14.052 PM]: No client config detected."}
{"level":"INFO","message":"[10:33:14.052 PM]: No config file path found. Client config will not be used."}
{"level":"INFO","message":"[10:33:14.052 PM]: Easy Logging is disabled as no config has been found"}
{"level":"INFO","message":"[10:33:14.349 PM]: Connection[id: 6507c90e-a3d4-4287-8acd-eb1523eabc1d] - connection established successfully after 301.21 milliseconds"}
{"level":"INFO","message":"[10:34:35.307 PM]: Creating new connection object"}
{"level":"INFO","message":"[10:34:35.319 PM]: Creating Connection[id: 2a59a73e-94e9-486f-a2eb-047f045cdf0f] with host: COZENTUS-DATAPRACTICE.snowflakecomputing.com, account: COZENTUS-DATAPRACTICE, accessUrl: https://COZENTUS-DATAPRACTICE.snowflakecomputing.com, user: HACKATHON_DT, role: undefined, database: HACAKATHON, schema: DT_INGESTION, warehouse: COMPUTE_WH, proxy was not configured, password is provided, region: undefined, authenticator: SNOWFLAKE, ocsp mode: FAIL_OPEN, os: win32, os version: 10.0.26100"}
{"level":"INFO","message":"[10:34:35.320 PM]: Connection[id: 2a59a73e-94e9-486f-a2eb-047f045cdf0f] additional details: passcode in password is provided, passcode is not provided, private key is not provided, application: undefined, client name: snowflake-sdk, client version: 2.3.3, retry timeout: 300, private key path: undefined, private key pass is not provided, client store temporary credential: false, browser response timeout: 120000"}
{"level":"INFO","message":"[10:34:35.320 PM]: Connection[id: 2a59a73e-94e9-486f-a2eb-047f045cdf0f] - connection object created successfully."}
{"level":"INFO","message":"[10:34:35.321 PM]: Connection[id: 2a59a73e-94e9-486f-a2eb-047f045cdf0f] - connecting. Associated Snowflake domain: GLOBAL"}
{"level":"INFO","message":"[10:34:35.322 PM]: Connection[id: 2a59a73e-94e9-486f-a2eb-047f045cdf0f] - authentication successful using: SNOWFLAKE"}
{"level":"INFO","message":"[10:34:35.322 PM]: Trying to initialize Easy Logging"}
{"level":"INFO","message":"[10:34:35.325 PM]: No client config detected."}
{"level":"INFO","message":"[10:34:35.325 PM]: No config file path found. Client config will not be used."}
{"level":"INFO","message":"[10:34:35.325 PM]: Easy Logging is disabled as no config has been found"}
{"level":"INFO","message":"[10:34:35.636 PM]: Connection[id: 2a59a73e-94e9-486f-a2eb-047f045cdf0f] - connection established successfully after 315.51 milliseconds"}
{"level":"INFO","message":"[10:39:15.413 PM]: Creating new connection object"}
{"level":"INFO","message":"[10:39:15.426 PM]: Creating Connection[id: 47cccf06-b257-44f3-a5ba-d7f85332b3c3] with host: COZENTUS-DATAPRACTICE.snowflakecomputing.com, account: COZENTUS-DATAPRACTICE, accessUrl: https://COZENTUS-DATAPRACTICE.snowflakecomputing.com, user: HACKATHON_DT, role: undefined, database: HACAKATHON, schema: DT_INGESTION, warehouse: undefined, proxy was not configured, password is provided, region: undefined, authenticator: SNOWFLAKE, ocsp mode: FAIL_OPEN, os: win32, os version: 10.0.26100"}
{"level":"INFO","message":"[10:39:15.426 PM]: Connection[id: 47cccf06-b257-44f3-a5ba-d7f85332b3c3] additional details: passcode in password is provided, passcode is not provided, private key is not provided, application: undefined, client name: snowflake-sdk, client version: 2.3.3, retry timeout: 300, private key path: undefined, private key pass is not provided, client store temporary credential: false, browser response timeout: 120000"}
{"level":"INFO","message":"[10:39:15.427 PM]: Connection[id: 47cccf06-b257-44f3-a5ba-d7f85332b3c3] - connection object created successfully."}
{"level":"INFO","message":"[10:39:15.427 PM]: Connection[id: 47cccf06-b257-44f3-a5ba-d7f85332b3c3] - connecting. Associated Snowflake domain: GLOBAL"}
{"level":"INFO","message":"[10:39:15.428 PM]: Connection[id: 47cccf06-b257-44f3-a5ba-d7f85332b3c3] - authentication successful using: SNOWFLAKE"}
{"level":"INFO","message":"[10:39:15.429 PM]: Trying to initialize Easy Logging"}
{"level":"INFO","message":"[10:39:15.431 PM]: No client config detected."}
{"level":"INFO","message":"[10:39:15.432 PM]: No config file path found. Client config will not be used."}
{"level":"INFO","message":"[10:39:15.432 PM]: Easy Logging is disabled as no config has been found"}
{"level":"INFO","message":"[10:39:15.707 PM]: Connection[id: 47cccf06-b257-44f3-a5ba-d7f85332b3c3] - connection established successfully after 279.4 milliseconds"}
